<?xml version="1.0" encoding="UTF-8"?>
<!-- Generated by org.testng.reporters.JUnitReportReporter -->
<testsuite hostname="Lilith-PC" name="tests.CareerTest" tests="1" failures="0" timestamp="20 Jun 2019 15:05:36 GMT" time="12.730" errors="0">
  <testcase name="verifyFooterLinks" time="12.730" classname="tests.CareerTest"/>
</testsuite> <!-- tests.CareerTest -->
